Build started 08/03/2022 10:51:16 ص.
     1>Project "C:\Users\Friends.DESKTOP-DV3V0LA\Documents\Visual Studio 2015\Projects\algorithms\algorithms\algorithms.vcxproj" on node 2 (Build target(s)).
     1>ClCompile:
         C:\Program Files (x86)\Microsoft Visual Studio 14.0\VC\bin\CL.exe /c /ZI /nologo /W3 /WX- /Od /Oy- /D WIN32 /D _DEBUG /D _CONSOLE /D _UNICODE /D UNICODE /Gm /EHsc /RTC1 /MDd /GS /fp:precise /Zc:wchar_t /Zc:forScope /Zc:inline /Fo"Debug\\" /Fd"Debug\vc140.pdb" /Gd /TP /analyze- /errorReport:prompt algorithm_source.cpp algorithms.cpp
         algorithms.cpp
         algorithm_source.cpp
     1>c:\users\friends.desktop-dv3v0la\documents\visual studio 2015\projects\algorithms\algorithms\algorithm_source.cpp(10): warning C4018: '<': signed/unsigned mismatch
     1>c:\users\friends.desktop-dv3v0la\documents\visual studio 2015\projects\algorithms\algorithms\algorithm_source.cpp(29): warning C4018: '<': signed/unsigned mismatch
     1>c:\users\friends.desktop-dv3v0la\documents\visual studio 2015\projects\algorithms\algorithms\algorithm_source.cpp(31): warning C4018: '<': signed/unsigned mismatch
     1>c:\users\friends.desktop-dv3v0la\documents\visual studio 2015\projects\algorithms\algorithms\algorithm_source.cpp(58): warning C4018: '<': signed/unsigned mismatch
     1>c:\users\friends.desktop-dv3v0la\documents\visual studio 2015\projects\algorithms\algorithms\algorithm_source.cpp(100): warning C4018: '<': signed/unsigned mismatch
         Generating Code...
       Link:
         C:\Program Files (x86)\Microsoft Visual Studio 14.0\VC\bin\link.exe /ERRORREPORT:PROMPT /OUT:"C:\Users\Friends.DESKTOP-DV3V0LA\Documents\Visual Studio 2015\Projects\algorithms\Debug\algorithms.exe" /INCREMENTAL /NOLOGO kernel32.lib user32.lib gdi32.lib winspool.lib comdlg32.lib advapi32.lib shell32.lib ole32.lib oleaut32.lib uuid.lib odbc32.lib odbccp32.lib /MANIFEST /MANIFESTUAC:"level='asInvoker' uiAccess='false'" /manifest:embed /Debug /PDB:"C:\Users\Friends.DESKTOP-DV3V0LA\Documents\Visual Studio 2015\Projects\algorithms\Debug\algorithms.pdb" /SUBSYSTEM:CONSOLE /TLBID:1 /DYNAMICBASE /NXCOMPAT /IMPLIB:"C:\Users\Friends.DESKTOP-DV3V0LA\Documents\Visual Studio 2015\Projects\algorithms\Debug\algorithms.lib" /MACHINE:X86 Debug\algorithms.obj
         Debug\algorithm_source.obj
         Debug\stdafx.obj
         algorithms.vcxproj -> C:\Users\Friends.DESKTOP-DV3V0LA\Documents\Visual Studio 2015\Projects\algorithms\Debug\algorithms.exe
     1>Done Building Project "C:\Users\Friends.DESKTOP-DV3V0LA\Documents\Visual Studio 2015\Projects\algorithms\algorithms\algorithms.vcxproj" (Build target(s)).

Build succeeded.

Time Elapsed 00:00:02.48
